This file contains any messages produced by compilers while
running configure, to aid debugging if configure makes a mistake.

It was created by twister configure 0.9.0, which was
generated by GNU Autoconf 2.69.  Invocation command line was

  $ ./configure --enable-logging --with-openssl=/usr/local/opt/openssl --with-libdb=/usr/local/opt/berkeley-db4

## --------- ##
## Platform. ##
## --------- ##

hostname = Siddharths-MacBook-Pro.local
uname -m = x86_64
uname -r = 14.0.0
uname -s = Darwin
uname -v = Darwin Kernel Version 14.0.0: Fri Sep 19 00:26:44 PDT 2014; root:xnu-2782.1.97~2/RELEASE_X86_64

/usr/bin/uname -p = i386
/bin/uname -X     = unknown

/bin/arch              = unknown
/usr/bin/arch -k       = unknown
/usr/convex/getsysinfo = unknown
/usr/bin/hostinfo      = Mach kernel version:
	 Darwin Kernel Version 14.0.0: Fri Sep 19 00:26:44 PDT 2014; root:xnu-2782.1.97~2/RELEASE_X86_64
Kernel configured for up to 4 processors.
2 processors are physically available.
4 processors are logically available.
Processor type: x86_64h (Intel x86-64h Haswell)
Processors active: 0 1 2 3
Primary memory available: 16.00 gigabytes
Default processor set: 220 tasks, 966 threads, 4 processors
Load average: 0.87, Mach factor: 3.12
/bin/machine           = unknown
/usr/bin/oslevel       = unknown
/bin/universe          = unknown

PATH: /Users/neilharan/anaconda/bin
PATH: /usr/local/bin
PATH: /usr/bin
PATH: /bin
PATH: /usr/sbin
PATH: /sbin
PATH: /usr/local/MacGPG2/bin


## ----------- ##
## Core tests. ##
## ----------- ##

configure:2665: checking whether make supports nested variables
configure:2682: result: yes
configure:2757: checking for gcc
configure:2773: found /usr/bin/gcc
configure:2784: result: gcc
configure:3013: checking for C compiler version
configure:3022: gcc --version >&5
Apple LLVM version 6.0 (clang-600.0.54) (based on LLVM 3.5svn)
Target: x86_64-apple-darwin14.0.0
Thread model: posix
Configured with: --prefix=/Applications/Xcode.app/Contents/Developer/usr --with-gxx-include-dir=/Applications/Xcode.app/Contents/Developer/Platforms/MacOSX.platform/Developer/SDKs/MacOSX10.10.sdk/usr/include/c++/4.2.1
configure:3033: $? = 0
configure:3022: gcc -v >&5
Configured with: --prefix=/Applications/Xcode.app/Contents/Developer/usr --with-gxx-include-dir=/Applications/Xcode.app/Contents/Developer/Platforms/MacOSX.platform/Developer/SDKs/MacOSX10.10.sdk/usr/include/c++/4.2.1
Apple LLVM version 6.0 (clang-600.0.54) (based on LLVM 3.5svn)
Target: x86_64-apple-darwin14.0.0
Thread model: posix
configure:3033: $? = 0
configure:3022: gcc -V >&5
clang: error: argument to '-V' is missing (expected 1 value)
clang: error: no input files
configure:3033: $? = 1
configure:3022: gcc -qversion >&5
clang: error: unknown argument: '-qversion'
clang: error: no input files
configure:3033: $? = 1
configure:3053: checking whether the C compiler works
configure:3075: gcc    conftest.c  >&5
configure:3079: $? = 0
configure:3127: result: yes
configure:3130: checking for C compiler default output file name
configure:3132: result: a.out
configure:3138: checking for suffix of executables
configure:3145: gcc -o conftest    conftest.c  >&5
configure:3149: $? = 0
configure:3171: result: 
configure:3193: checking whether we are cross compiling
configure:3201: gcc -o conftest    conftest.c  >&5
configure:3205: $? = 0
configure:3212: ./conftest
configure:3216: $? = 0
configure:3231: result: no
configure:3236: checking for suffix of object files
configure:3258: gcc -c   conftest.c >&5
configure:3262: $? = 0
configure:3283: result: o
configure:3287: checking whether we are using the GNU C compiler
configure:3306: gcc -c   conftest.c >&5
configure:3306: $? = 0
configure:3315: result: yes
configure:3324: checking whether gcc accepts -g
configure:3344: gcc -c -g  conftest.c >&5
configure:3344: $? = 0
configure:3385: result: yes
configure:3402: checking for gcc option to accept ISO C89
configure:3465: gcc  -c -g -O2  conftest.c >&5
configure:3465: $? = 0
configure:3478: result: none needed
configure:3506: checking whether gcc understands -c and -o together
configure:3528: gcc -c conftest.c -o conftest2.o
configure:3531: $? = 0
configure:3528: gcc -c conftest.c -o conftest2.o
configure:3531: $? = 0
configure:3543: result: yes
configure:3565: checking how to run the C preprocessor
configure:3596: gcc -E  conftest.c
configure:3596: $? = 0
configure:3610: gcc -E  conftest.c
conftest.c:9:10: fatal error: 'ac_nonexistent.h' file not found
#include <ac_nonexistent.h>
         ^
1 error generated.
configure:3610: $? = 1
configure: failed program was:
| /* confdefs.h */
| #define PACKAGE_NAME "twister"
| #define PACKAGE_TARNAME "twister"
| #define PACKAGE_VERSION "0.9.0"
| #define PACKAGE_STRING "twister 0.9.0"
| #define PACKAGE_BUGREPORT ""
| #define PACKAGE_URL ""
| /* end confdefs.h.  */
| #include <ac_nonexistent.h>
configure:3635: result: gcc -E
configure:3655: gcc -E  conftest.c
configure:3655: $? = 0
configure:3669: gcc -E  conftest.c
conftest.c:9:10: fatal error: 'ac_nonexistent.h' file not found
#include <ac_nonexistent.h>
         ^
1 error generated.
configure:3669: $? = 1
configure: failed program was:
| /* confdefs.h */
| #define PACKAGE_NAME "twister"
| #define PACKAGE_TARNAME "twister"
| #define PACKAGE_VERSION "0.9.0"
| #define PACKAGE_STRING "twister 0.9.0"
| #define PACKAGE_BUGREPORT ""
| #define PACKAGE_URL ""
| /* end confdefs.h.  */
| #include <ac_nonexistent.h>
configure:3698: checking whether gcc and cc understand -c and -o together
configure:3729: gcc -c conftest.c -o conftest2.o >&5
configure:3733: $? = 0
configure:3739: gcc -c conftest.c -o conftest2.o >&5
configure:3743: $? = 0
configure:3754: cc -c conftest.c >&5
configure:3758: $? = 0
configure:3766: cc -c conftest.c -o conftest2.o >&5
configure:3770: $? = 0
configure:3776: cc -c conftest.c -o conftest2.o >&5
configure:3780: $? = 0
configure:3798: result: yes
configure:3866: checking for g++
configure:3882: found /usr/bin/g++
configure:3893: result: g++
configure:3920: checking for C++ compiler version
configure:3929: g++ --version >&5
Apple LLVM version 6.0 (clang-600.0.54) (based on LLVM 3.5svn)
Target: x86_64-apple-darwin14.0.0
Thread model: posix
Configured with: --prefix=/Applications/Xcode.app/Contents/Developer/usr --with-gxx-include-dir=/Applications/Xcode.app/Contents/Developer/Platforms/MacOSX.platform/Developer/SDKs/MacOSX10.10.sdk/usr/include/c++/4.2.1
configure:3940: $? = 0
configure:3929: g++ -v >&5
Configured with: --prefix=/Applications/Xcode.app/Contents/Developer/usr --with-gxx-include-dir=/Applications/Xcode.app/Contents/Developer/Platforms/MacOSX.platform/Developer/SDKs/MacOSX10.10.sdk/usr/include/c++/4.2.1
Apple LLVM version 6.0 (clang-600.0.54) (based on LLVM 3.5svn)
Target: x86_64-apple-darwin14.0.0
Thread model: posix
configure:3940: $? = 0
configure:3929: g++ -V >&5
clang: error: argument to '-V' is missing (expected 1 value)
clang: error: no input files
configure:3940: $? = 1
configure:3929: g++ -qversion >&5
clang: error: unknown argument: '-qversion'
clang: error: no input files
configure:3940: $? = 1
configure:3944: checking whether we are using the GNU C++ compiler
configure:3963: g++ -c   conftest.cpp >&5
configure:3963: $? = 0
configure:3972: result: yes
configure:3981: checking whether g++ accepts -g
configure:4001: g++ -c -g  conftest.cpp >&5
configure:4001: $? = 0
configure:4042: result: yes
configure:4070: checking how to run the C++ preprocessor
configure:4097: g++ -E  conftest.cpp
configure:4097: $? = 0
configure:4111: g++ -E  conftest.cpp
conftest.cpp:9:10: fatal error: 'ac_nonexistent.h' file not found
#include <ac_nonexistent.h>
         ^
1 error generated.
configure:4111: $? = 1
configure: failed program was:
| /* confdefs.h */
| #define PACKAGE_NAME "twister"
| #define PACKAGE_TARNAME "twister"
| #define PACKAGE_VERSION "0.9.0"
| #define PACKAGE_STRING "twister 0.9.0"
| #define PACKAGE_BUGREPORT ""
| #define PACKAGE_URL ""
| /* end confdefs.h.  */
| #include <ac_nonexistent.h>
configure:4136: result: g++ -E
configure:4156: g++ -E  conftest.cpp
configure:4156: $? = 0
configure:4170: g++ -E  conftest.cpp
conftest.cpp:9:10: fatal error: 'ac_nonexistent.h' file not found
#include <ac_nonexistent.h>
         ^
1 error generated.
configure:4170: $? = 1
configure: failed program was:
| /* confdefs.h */
| #define PACKAGE_NAME "twister"
| #define PACKAGE_TARNAME "twister"
| #define PACKAGE_VERSION "0.9.0"
| #define PACKAGE_STRING "twister 0.9.0"
| #define PACKAGE_BUGREPORT ""
| #define PACKAGE_URL ""
| /* end confdefs.h.  */
| #include <ac_nonexistent.h>
configure:4203: checking whether g++ understands -c and -o together
configure:4227: g++ -g -O2 -c conftest.cpp -o conftest2.o >&5
configure:4231: $? = 0
configure:4238: g++ -g -O2 -c conftest.cpp -o conftest2.o >&5
configure:4242: $? = 0
configure:4250: result: yes
configure:4270: checking build system type
configure:4284: result: x86_64-apple-darwin14.0.0
configure:4304: checking host system type
configure:4317: result: x86_64-apple-darwin14.0.0
configure:4337: checking target system type
configure:4350: result: x86_64-apple-darwin14.0.0
configure:4395: checking for a BSD-compatible install
configure:4463: result: /usr/bin/install -c
configure:4474: checking whether build environment is sane
configure:4529: result: yes
configure:4677: checking for a thread-safe mkdir -p
configure:4716: result: build-aux/install-sh -c -d
configure:4723: checking for gawk
configure:4753: result: no
configure:4723: checking for mawk
configure:4753: result: no
configure:4723: checking for nawk
configure:4753: result: no
configure:4723: checking for awk
configure:4739: found /usr/bin/awk
configure:4750: result: awk
configure:4761: checking whether make sets $(MAKE)
configure:4783: result: yes
configure:4813: checking for style of include used by make
configure:4841: result: GNU
configure:4938: checking dependency style of gcc
configure:5049: result: gcc3
configure:5066: checking dependency style of g++
configure:5177: result: gcc3
configure:5285: checking how to print strings
configure:5312: result: printf
configure:5333: checking for a sed that does not truncate output
configure:5397: result: /usr/bin/sed
configure:5415: checking for grep that handles long lines and -e
configure:5473: result: /usr/bin/grep
configure:5478: checking for egrep
configure:5540: result: /usr/bin/grep -E
configure:5545: checking for fgrep
configure:5607: result: /usr/bin/grep -F
configure:5642: checking for ld used by gcc
configure:5709: result: /Applications/Xcode.app/Contents/Developer/Toolchains/XcodeDefault.xctoolchain/usr/bin/ld
configure:5716: checking if the linker (/Applications/Xcode.app/Contents/Developer/Toolchains/XcodeDefault.xctoolchain/usr/bin/ld) is GNU ld
configure:5731: result: no
configure:5743: checking for BSD- or MS-compatible name lister (nm)
configure:5797: result: /usr/bin/nm
configure:5927: checking the name lister (/usr/bin/nm) interface
configure:5934: gcc -c -g -O2  conftest.c >&5
configure:5937: /usr/bin/nm "conftest.o"
configure:5940: output
0000000000000218 S _some_variable
configure:5947: result: BSD nm
configure:5950: checking whether ln -s works
configure:5954: result: yes
configure:5962: checking the maximum length of command line arguments
configure:6093: result: 196608
configure:6141: checking how to convert x86_64-apple-darwin14.0.0 file names to x86_64-apple-darwin14.0.0 format
configure:6181: result: func_convert_file_noop
configure:6188: checking how to convert x86_64-apple-darwin14.0.0 file names to toolchain format
configure:6208: result: func_convert_file_noop
configure:6215: checking for /Applications/Xcode.app/Contents/Developer/Toolchains/XcodeDefault.xctoolchain/usr/bin/ld option to reload object files
configure:6222: result: -r
configure:6296: checking for objdump
configure:6326: result: no
configure:6355: checking how to recognize dependent libraries
configure:6552: result: pass_all
configure:6637: checking for dlltool
configure:6667: result: no
configure:6697: checking how to associate runtime and link libraries
configure:6724: result: printf %s\n
configure:6785: checking for ar
configure:6801: found /usr/bin/ar
configure:6812: result: ar
configure:6849: checking for archiver @FILE support
configure:6866: gcc -c -g -O2  conftest.c >&5
configure:6866: $? = 0
configure:6869: ar cru libconftest.a @conftest.lst >&5
ar: @conftest.lst: No such file or directory
configure:6872: $? = 1
configure:6892: result: no
configure:6950: checking for strip
configure:6966: found /usr/bin/strip
configure:6977: result: strip
configure:7049: checking for ranlib
configure:7065: found /usr/bin/ranlib
configure:7076: result: ranlib
configure:7178: checking command to parse /usr/bin/nm output from gcc object
configure:7331: gcc -c -g -O2  conftest.c >&5
configure:7334: $? = 0
configure:7338: /usr/bin/nm conftest.o \| sed -n -e 's/^.*[ ]\([BCDEGRST][BCDEGRST]*\)[ ][ ]*\([_A-Za-z][_A-Za-z0-9]*\)$/\1 \2 \2/p' | sed '/ __gnu_lto/d' \> conftest.nm
configure:7341: $? = 0
cannot find nm_test_var in conftest.nm
configure:7331: gcc -c -g -O2  conftest.c >&5
configure:7334: $? = 0
configure:7338: /usr/bin/nm conftest.o \| sed -n -e 's/^.*[ ]\([BCDEGRST][BCDEGRST]*\)[ ][ ]*_\([_A-Za-z][_A-Za-z0-9]*\)$/\1 _\2 \2/p' | sed '/ __gnu_lto/d' \> conftest.nm
configure:7341: $? = 0
configure:7407: gcc -o conftest -g -O2   conftest.c conftstm.o >&5
configure:7410: $? = 0
configure:7448: result: ok
configure:7495: checking for sysroot
configure:7525: result: no
configure:7532: checking for a working dd
configure:7570: result: /bin/dd
configure:7574: checking how to truncate binary pipes
configure:7589: result: /bin/dd bs=4096 count=1
configure:7903: checking for mt
configure:7933: result: no
configure:7953: checking if : is a manifest tool
configure:7959: : '-?'
configure:7967: result: no
configure:8023: checking for dsymutil
configure:8039: found /usr/bin/dsymutil
configure:8050: result: dsymutil
configure:8115: checking for nmedit
configure:8131: found /usr/bin/nmedit
configure:8142: result: nmedit
configure:8207: checking for lipo
configure:8223: found /usr/bin/lipo
configure:8234: result: lipo
configure:8299: checking for otool
configure:8315: found /usr/bin/otool
configure:8326: result: otool
configure:8391: checking for otool64
configure:8421: result: no
configure:8466: checking for -single_module linker flag
gcc -g -O2  -o libconftest.dylib -dynamiclib -Wl,-single_module conftest.c
configure:8499: result: yes
configure:8502: checking for -exported_symbols_list linker flag
configure:8522: gcc -o conftest -g -O2   -Wl,-exported_symbols_list,conftest.sym conftest.c  >&5
configure:8522: $? = 0
configure:8532: result: yes
configure:8535: checking for -force_load linker flag
gcc -g -O2 -c -o conftest.o conftest.c
ar cru libconftest.a conftest.o
ranlib libconftest.a
gcc -g -O2  -o conftest conftest.c -Wl,-force_load,./libconftest.a
configure:8567: result: yes
configure:8605: checking for ANSI C header files
configure:8625: gcc -c -g -O2  conftest.c >&5
configure:8625: $? = 0
configure:8698: gcc -o conftest -g -O2   conftest.c  >&5
configure:8698: $? = 0
configure:8698: ./conftest
configure:8698: $? = 0
configure:8709: result: yes
configure:8722: checking for sys/types.h
configure:8722: gcc -c -g -O2  conftest.c >&5
configure:8722: $? = 0
configure:8722: result: yes
configure:8722: checking for sys/stat.h
configure:8722: gcc -c -g -O2  conftest.c >&5
configure:8722: $? = 0
configure:8722: result: yes
configure:8722: checking for stdlib.h
configure:8722: gcc -c -g -O2  conftest.c >&5
configure:8722: $? = 0
configure:8722: result: yes
configure:8722: checking for string.h
configure:8722: gcc -c -g -O2  conftest.c >&5
configure:8722: $? = 0
configure:8722: result: yes
configure:8722: checking for memory.h
configure:8722: gcc -c -g -O2  conftest.c >&5
configure:8722: $? = 0
configure:8722: result: yes
configure:8722: checking for strings.h
configure:8722: gcc -c -g -O2  conftest.c >&5
configure:8722: $? = 0
configure:8722: result: yes
configure:8722: checking for inttypes.h
configure:8722: gcc -c -g -O2  conftest.c >&5
configure:8722: $? = 0
configure:8722: result: yes
configure:8722: checking for stdint.h
configure:8722: gcc -c -g -O2  conftest.c >&5
configure:8722: $? = 0
configure:8722: result: yes
configure:8722: checking for unistd.h
configure:8722: gcc -c -g -O2  conftest.c >&5
configure:8722: $? = 0
configure:8722: result: yes
configure:8736: checking for dlfcn.h
configure:8736: gcc -c -g -O2  conftest.c >&5
configure:8736: $? = 0
configure:8736: result: yes
configure:8951: checking for objdir
configure:8966: result: .libs
configure:9237: checking if gcc supports -fno-rtti -fno-exceptions
configure:9255: gcc -c -g -O2  -fno-rtti -fno-exceptions conftest.c >&5
configure:9259: $? = 0
configure:9272: result: yes
configure:9620: checking for gcc option to produce PIC
configure:9627: result: -fno-common -DPIC
configure:9635: checking if gcc PIC flag -fno-common -DPIC works
configure:9653: gcc -c -g -O2  -fno-common -DPIC -DPIC conftest.c >&5
configure:9657: $? = 0
configure:9670: result: yes
configure:9699: checking if gcc static flag -static works
configure:9727: result: no
configure:9742: checking if gcc supports -c -o file.o
configure:9763: gcc -c -g -O2  -o out/conftest2.o conftest.c >&5
configure:9767: $? = 0
configure:9789: result: yes
configure:9797: checking if gcc supports -c -o file.o
configure:9844: result: yes
configure:9877: checking whether the gcc linker (/Applications/Xcode.app/Contents/Developer/Toolchains/XcodeDefault.xctoolchain/usr/bin/ld) supports shared libraries
configure:11025: result: yes
configure:11265: checking dynamic linker characteristics
configure:12003: result: darwin14.0.0 dyld
configure:12110: checking how to hardcode library paths into programs
configure:12135: result: immediate
configure:12683: checking whether stripping libraries is possible
configure:12697: result: yes
configure:12723: checking if libtool supports shared libraries
configure:12725: result: yes
configure:12728: checking whether to build shared libraries
configure:12749: result: yes
configure:12752: checking whether to build static libraries
configure:12756: result: yes
configure:12779: checking how to run the C++ preprocessor
configure:12845: result: g++ -E
configure:12865: g++ -E  conftest.cpp
configure:12865: $? = 0
configure:12879: g++ -E  conftest.cpp
conftest.cpp:23:10: fatal error: 'ac_nonexistent.h' file not found
#include <ac_nonexistent.h>
         ^
1 error generated.
configure:12879: $? = 1
configure: failed program was:
| /* confdefs.h */
| #define PACKAGE_NAME "twister"
| #define PACKAGE_TARNAME "twister"
| #define PACKAGE_VERSION "0.9.0"
| #define PACKAGE_STRING "twister 0.9.0"
| #define PACKAGE_BUGREPORT ""
| #define PACKAGE_URL ""
| #define PACKAGE "twister"
| #define VERSION "0.9.0"
| #define STDC_HEADERS 1
| #define HAVE_SYS_TYPES_H 1
| #define HAVE_SYS_STAT_H 1
| #define HAVE_STDLIB_H 1
| #define HAVE_STRING_H 1
| #define HAVE_MEMORY_H 1
| #define HAVE_STRINGS_H 1
| #define HAVE_INTTYPES_H 1
| #define HAVE_STDINT_H 1
| #define HAVE_UNISTD_H 1
| #define HAVE_DLFCN_H 1
| #define LT_OBJDIR ".libs/"
| /* end confdefs.h.  */
| #include <ac_nonexistent.h>
configure:13048: checking for ld used by g++
configure:13115: result: /Applications/Xcode.app/Contents/Developer/Toolchains/XcodeDefault.xctoolchain/usr/bin/ld
configure:13122: checking if the linker (/Applications/Xcode.app/Contents/Developer/Toolchains/XcodeDefault.xctoolchain/usr/bin/ld) is GNU ld
configure:13137: result: no
configure:13192: checking whether the g++ linker (/Applications/Xcode.app/Contents/Developer/Toolchains/XcodeDefault.xctoolchain/usr/bin/ld) supports shared libraries
configure:14190: result: yes
configure:14226: g++ -c -g -O2  conftest.cpp >&5
configure:14229: $? = 0
configure:14750: checking for g++ option to produce PIC
configure:14757: result: -fno-common -DPIC
configure:14765: checking if g++ PIC flag -fno-common -DPIC works
configure:14783: g++ -c -g -O2  -fno-common -DPIC -DPIC conftest.cpp >&5
configure:14787: $? = 0
configure:14800: result: yes
configure:14823: checking if g++ static flag -static works
configure:14851: result: no
configure:14863: checking if g++ supports -c -o file.o
configure:14884: g++ -c -g -O2  -o out/conftest2.o conftest.cpp >&5
configure:14888: $? = 0
configure:14910: result: yes
configure:14915: checking if g++ supports -c -o file.o
configure:14962: result: yes
configure:14992: checking whether the g++ linker (/Applications/Xcode.app/Contents/Developer/Toolchains/XcodeDefault.xctoolchain/usr/bin/ld) supports shared libraries
configure:15028: result: yes
configure:15169: checking dynamic linker characteristics
configure:15834: result: darwin14.0.0 dyld
configure:15887: checking how to hardcode library paths into programs
configure:15912: result: immediate
configure:16777: checking for port
configure:16807: result: no
configure:16819: checking for brew
configure:16835: found /usr/local/bin/brew
configure:16846: result: brew
configure:17296: checking for the pthreads library -lpthreads
configure:17329: gcc -o conftest -g -O2   -I/usr/local/opt/berkeley-db4/include -DMAC_OSX  conftest.c -lpthreads  -L/usr/local/opt/berkeley-db4/lib >&5
ld: library not found for -lpthreads
clang: error: linker command failed with exit code 1 (use -v to see invocation)
configure:17329: $? = 1
configure: failed program was:
| /* confdefs.h */
| #define PACKAGE_NAME "twister"
| #define PACKAGE_TARNAME "twister"
| #define PACKAGE_VERSION "0.9.0"
| #define PACKAGE_STRING "twister 0.9.0"
| #define PACKAGE_BUGREPORT ""
| #define PACKAGE_URL ""
| #define PACKAGE "twister"
| #define VERSION "0.9.0"
| #define STDC_HEADERS 1
| #define HAVE_SYS_TYPES_H 1
| #define HAVE_SYS_STAT_H 1
| #define HAVE_STDLIB_H 1
| #define HAVE_STRING_H 1
| #define HAVE_MEMORY_H 1
| #define HAVE_STRINGS_H 1
| #define HAVE_INTTYPES_H 1
| #define HAVE_STDINT_H 1
| #define HAVE_UNISTD_H 1
| #define HAVE_DLFCN_H 1
| #define LT_OBJDIR ".libs/"
| /* end confdefs.h.  */
| #include <pthread.h>
| int
| main ()
| {
| pthread_t th; pthread_join(th, 0);
|                      pthread_attr_init(0); pthread_cleanup_push(0, 0);
|                      pthread_create(0,0,0,0); pthread_cleanup_pop(0);
|   ;
|   return 0;
| }
configure:17338: result: no
configure:17241: checking whether pthreads work without any flags
configure:17329: gcc -o conftest -g -O2   -I/usr/local/opt/berkeley-db4/include -DMAC_OSX  conftest.c   -L/usr/local/opt/berkeley-db4/lib >&5
configure:17329: $? = 0
configure:17338: result: yes
configure:17357: checking for joinable pthread attribute
configure:17372: gcc -o conftest -g -O2   -I/usr/local/opt/berkeley-db4/include -DMAC_OSX  conftest.c   -L/usr/local/opt/berkeley-db4/lib >&5
configure:17372: $? = 0
configure:17378: result: PTHREAD_CREATE_JOINABLE
configure:17388: checking if more special flags are required for pthreads
configure:17395: result: -D_THREAD_SAFE
configure:17486: checking whether to check for GCC pthread/shared inconsistencies
configure:17499: gcc -o conftest -shared -fPIC -Wl,-z,defs -g -O2 -D_THREAD_SAFE   -I/usr/local/opt/berkeley-db4/include -DMAC_OSX  conftest.c   -L/usr/local/opt/berkeley-db4/lib >&5
ld: unknown option: -z
clang: error: linker command failed with exit code 1 (use -v to see invocation)
configure:17499: $? = 1
configure: failed program was:
| /* confdefs.h */
| #define PACKAGE_NAME "twister"
| #define PACKAGE_TARNAME "twister"
| #define PACKAGE_VERSION "0.9.0"
| #define PACKAGE_STRING "twister 0.9.0"
| #define PACKAGE_BUGREPORT ""
| #define PACKAGE_URL ""
| #define PACKAGE "twister"
| #define VERSION "0.9.0"
| #define STDC_HEADERS 1
| #define HAVE_SYS_TYPES_H 1
| #define HAVE_SYS_STAT_H 1
| #define HAVE_STDLIB_H 1
| #define HAVE_STRING_H 1
| #define HAVE_MEMORY_H 1
| #define HAVE_STRINGS_H 1
| #define HAVE_INTTYPES_H 1
| #define HAVE_STDINT_H 1
| #define HAVE_UNISTD_H 1
| #define HAVE_DLFCN_H 1
| #define LT_OBJDIR ".libs/"
| /* end confdefs.h.  */
| 
| int
| main ()
| {
| 
|   ;
|   return 0;
| }
configure:17508: result: no
configure:17518: checking whether -pthread is sufficient with -shared
configure:17533: gcc -o conftest -shared -fPIC -Wl,-z,defs -g -O2 -D_THREAD_SAFE   -I/usr/local/opt/berkeley-db4/include -DMAC_OSX  conftest.c   -L/usr/local/opt/berkeley-db4/lib >&5
ld: unknown option: -z
clang: error: linker command failed with exit code 1 (use -v to see invocation)
configure:17533: $? = 1
configure: failed program was:
| /* confdefs.h */
| #define PACKAGE_NAME "twister"
| #define PACKAGE_TARNAME "twister"
| #define PACKAGE_VERSION "0.9.0"
| #define PACKAGE_STRING "twister 0.9.0"
| #define PACKAGE_BUGREPORT ""
| #define PACKAGE_URL ""
| #define PACKAGE "twister"
| #define VERSION "0.9.0"
| #define STDC_HEADERS 1
| #define HAVE_SYS_TYPES_H 1
| #define HAVE_SYS_STAT_H 1
| #define HAVE_STDLIB_H 1
| #define HAVE_STRING_H 1
| #define HAVE_MEMORY_H 1
| #define HAVE_STRINGS_H 1
| #define HAVE_INTTYPES_H 1
| #define HAVE_STDINT_H 1
| #define HAVE_UNISTD_H 1
| #define HAVE_DLFCN_H 1
| #define LT_OBJDIR ".libs/"
| /* end confdefs.h.  */
| #include <pthread.h>
| int
| main ()
| {
| pthread_t th; pthread_join(th, 0);
|               pthread_attr_init(0); pthread_cleanup_push(0, 0);
|               pthread_create(0,0,0,0); pthread_cleanup_pop(0);
|   ;
|   return 0;
| }
configure:17543: result: no
configure:17553: checking whether -lpthread fixes that
configure:17569: gcc -o conftest -shared -fPIC -Wl,-z,defs -g -O2 -D_THREAD_SAFE   -I/usr/local/opt/berkeley-db4/include -DMAC_OSX  conftest.c -lpthread   -L/usr/local/opt/berkeley-db4/lib >&5
ld: unknown option: -z
clang: error: linker command failed with exit code 1 (use -v to see invocation)
configure:17569: $? = 1
configure: failed program was:
| /* confdefs.h */
| #define PACKAGE_NAME "twister"
| #define PACKAGE_TARNAME "twister"
| #define PACKAGE_VERSION "0.9.0"
| #define PACKAGE_STRING "twister 0.9.0"
| #define PACKAGE_BUGREPORT ""
| #define PACKAGE_URL ""
| #define PACKAGE "twister"
| #define VERSION "0.9.0"
| #define STDC_HEADERS 1
| #define HAVE_SYS_TYPES_H 1
| #define HAVE_SYS_STAT_H 1
| #define HAVE_STDLIB_H 1
| #define HAVE_STRING_H 1
| #define HAVE_MEMORY_H 1
| #define HAVE_STRINGS_H 1
| #define HAVE_INTTYPES_H 1
| #define HAVE_STDINT_H 1
| #define HAVE_UNISTD_H 1
| #define HAVE_DLFCN_H 1
| #define LT_OBJDIR ".libs/"
| /* end confdefs.h.  */
| #include <pthread.h>
| int
| main ()
| {
| pthread_t th; pthread_join(th, 0);
|               pthread_attr_init(0); pthread_cleanup_push(0, 0);
|               pthread_create(0,0,0,0); pthread_cleanup_pop(0);
|   ;
|   return 0;
| }
configure:17580: result: no
configure:17588: checking whether -lc_r fixes that
configure:17604: gcc -o conftest -shared -fPIC -Wl,-z,defs -g -O2 -D_THREAD_SAFE   -I/usr/local/opt/berkeley-db4/include -DMAC_OSX  conftest.c -lc_r   -L/usr/local/opt/berkeley-db4/lib >&5
ld: unknown option: -z
clang: error: linker command failed with exit code 1 (use -v to see invocation)
configure:17604: $? = 1
configure: failed program was:
| /* confdefs.h */
| #define PACKAGE_NAME "twister"
| #define PACKAGE_TARNAME "twister"
| #define PACKAGE_VERSION "0.9.0"
| #define PACKAGE_STRING "twister 0.9.0"
| #define PACKAGE_BUGREPORT ""
| #define PACKAGE_URL ""
| #define PACKAGE "twister"
| #define VERSION "0.9.0"
| #define STDC_HEADERS 1
| #define HAVE_SYS_TYPES_H 1
| #define HAVE_SYS_STAT_H 1
| #define HAVE_STDLIB_H 1
| #define HAVE_STRING_H 1
| #define HAVE_MEMORY_H 1
| #define HAVE_STRINGS_H 1
| #define HAVE_INTTYPES_H 1
| #define HAVE_STDINT_H 1
| #define HAVE_UNISTD_H 1
| #define HAVE_DLFCN_H 1
| #define LT_OBJDIR ".libs/"
| /* end confdefs.h.  */
| #include <pthread.h>
| int
| main ()
| {
| pthread_t th; pthread_join(th, 0);
|                 pthread_attr_init(0); pthread_cleanup_push(0, 0);
|                 pthread_create(0,0,0,0); pthread_cleanup_pop(0);
|   ;
|   return 0;
| }
configure:17615: result: no
configure:17621: WARNING: Impossible to determine how to use pthreads with shared libraries
configure:17663: checking for __attribute__((visibility("hidden")))
configure:17672: gcc -fvisibility=hidden -S visibility_conftest.c -o visibility_conftest.s 1>&5
configure:17675: $? = 0
configure:17686: result: yes
configure:17740: checking for boostlib >= 1.44
configure:17820: g++ -c -g -O2 -fvisibility-inlines-hidden  -I/usr/local/opt/berkeley-db4/include -DMAC_OSX -I/usr/local/include conftest.cpp >&5
configure:17820: $? = 0
configure:17822: result: yes
configure:18001: checking whether the Boost::System library is available
configure:18025: g++ -c -g -O2 -fvisibility-inlines-hidden  -I/usr/local/opt/berkeley-db4/include -DMAC_OSX -I/usr/local/include conftest.cpp >&5
conftest.cpp:29:1: warning: expression result unused [-Wunused-value]
boost::system::system_category
^~~~~~~~~~~~~~~~~~~~~~~~~~~~~~
1 warning generated.
configure:18025: $? = 0
configure:18040: result: yes
configure:18055: checking for exit in -lboost_system
configure:18080: gcc -o conftest -D_THREAD_SAFE  -g -O2 -fvisibility=hidden  -I/usr/local/opt/berkeley-db4/include -DMAC_OSX -I/usr/local/include  -L/usr/local/lib conftest.c -lboost_system    -L/usr/local/opt/berkeley-db4/lib >&5
conftest.c:33:6: warning: incompatible redeclaration of library function 'exit' [-Wincompatible-library-redeclaration]
char exit ();
     ^
conftest.c:33:6: note: 'exit' is a builtin with type 'void (int) __attribute__((noreturn))'
1 warning generated.
configure:18080: $? = 0
configure:18090: result: yes
configure:18245: checking whether the Boost::Filesystem library is available
configure:18269: g++ -c -g -O2 -fvisibility-inlines-hidden  -I/usr/local/opt/berkeley-db4/include -DMAC_OSX -I/usr/local/include conftest.cpp >&5
configure:18269: $? = 0
configure:18283: result: yes
configure:18294: checking for exit in -lboost_filesystem
configure:18319: gcc -o conftest -D_THREAD_SAFE  -g -O2 -fvisibility=hidden  -I/usr/local/opt/berkeley-db4/include -DMAC_OSX -I/usr/local/include  -L/usr/local/lib conftest.c -lboost_filesystem    -L/usr/local/opt/berkeley-db4/lib -lboost_system >&5
conftest.c:34:6: warning: incompatible redeclaration of library function 'exit' [-Wincompatible-library-redeclaration]
char exit ();
     ^
conftest.c:34:6: note: 'exit' is a builtin with type 'void (int) __attribute__((noreturn))'
1 warning generated.
configure:18319: $? = 0
configure:18329: result: yes
configure:18479: checking whether the Boost::Program_Options library is available
configure:18503: g++ -c -g -O2 -fvisibility-inlines-hidden  -I/usr/local/opt/berkeley-db4/include -DMAC_OSX -I/usr/local/include conftest.cpp >&5
configure:18503: $? = 0
configure:18517: result: yes
configure:18528: checking for exit in -lboost_program_options-mt
configure:18553: gcc -o conftest -D_THREAD_SAFE  -g -O2 -fvisibility=hidden  -I/usr/local/opt/berkeley-db4/include -DMAC_OSX -I/usr/local/include  -L/usr/local/lib conftest.c -lboost_program_options-mt    -L/usr/local/opt/berkeley-db4/lib >&5
conftest.c:35:6: warning: incompatible redeclaration of library function 'exit' [-Wincompatible-library-redeclaration]
char exit ();
     ^
conftest.c:35:6: note: 'exit' is a builtin with type 'void (int) __attribute__((noreturn))'
1 warning generated.
configure:18553: $? = 0
configure:18563: result: yes
configure:18706: checking whether the Boost::Thread library is available
configure:18738: g++ -c -pthread -g -O2 -fvisibility-inlines-hidden  -I/usr/local/opt/berkeley-db4/include -DMAC_OSX -I/usr/local/include conftest.cpp >&5
configure:18738: $? = 0
configure:18753: result: yes
configure:18782: checking for exit in -lboost_thread-mt
configure:18807: gcc -o conftest -D_THREAD_SAFE  -g -O2 -fvisibility=hidden  -I/usr/local/opt/berkeley-db4/include -DMAC_OSX -I/usr/local/include  -L/usr/local/lib conftest.c -lboost_thread-mt    -L/usr/local/opt/berkeley-db4/lib >&5
conftest.c:36:6: warning: incompatible redeclaration of library function 'exit' [-Wincompatible-library-redeclaration]
char exit ();
     ^
conftest.c:36:6: note: 'exit' is a builtin with type 'void (int) __attribute__((noreturn))'
1 warning generated.
configure:18807: $? = 0
configure:18817: result: yes
configure:18977: checking whether the Boost::Chrono library is available
configure:19001: g++ -c -g -O2 -fvisibility-inlines-hidden  -I/usr/local/opt/berkeley-db4/include -DMAC_OSX -pthread -I/usr/local/include conftest.cpp >&5
configure:19001: $? = 0
configure:19016: result: yes
configure:19031: checking for exit in -lboost_chrono-mt
configure:19056: gcc -o conftest -D_THREAD_SAFE  -g -O2 -fvisibility=hidden  -I/usr/local/opt/berkeley-db4/include -DMAC_OSX -pthread -I/usr/local/include  -L/usr/local/lib conftest.c -lboost_chrono-mt    -L/usr/local/opt/berkeley-db4/lib >&5
conftest.c:37:6: warning: incompatible redeclaration of library function 'exit' [-Wincompatible-library-redeclaration]
char exit ();
     ^
conftest.c:37:6: note: 'exit' is a builtin with type 'void (int) __attribute__((noreturn))'
1 warning generated.
configure:19056: $? = 0
configure:19066: result: yes
configure:19218: checking whether the Boost::Locale library is available
configure:19243: g++ -c -g -O2 -fvisibility-inlines-hidden  -I/usr/local/opt/berkeley-db4/include -DMAC_OSX -pthread -I/usr/local/include conftest.cpp >&5
configure:19243: $? = 0
configure:19258: result: yes
configure:19273: checking for exit in -lboost_locale-mt
configure:19298: gcc -o conftest -D_THREAD_SAFE  -g -O2 -fvisibility=hidden  -I/usr/local/opt/berkeley-db4/include -DMAC_OSX -pthread -I/usr/local/include  -L/usr/local/lib conftest.c -lboost_locale-mt    -L/usr/local/opt/berkeley-db4/lib >&5
conftest.c:38:6: warning: incompatible redeclaration of library function 'exit' [-Wincompatible-library-redeclaration]
char exit ();
     ^
conftest.c:38:6: note: 'exit' is a builtin with type 'void (int) __attribute__((noreturn))'
1 warning generated.
configure:19298: $? = 0
configure:19308: result: yes
configure:19459: checking whether the Boost::Regex library is available
configure:19482: g++ -c -g -O2 -fvisibility-inlines-hidden  -I/usr/local/opt/berkeley-db4/include -DMAC_OSX -pthread -I/usr/local/include conftest.cpp >&5
conftest.cpp:36:15: warning: empty parentheses interpreted as a function declaration [-Wvexing-parse]
boost::regex r(); return 0;
              ^~
conftest.cpp:36:15: note: remove parentheses to declare a variable
boost::regex r(); return 0;
              ^~
1 warning generated.
configure:19482: $? = 0
configure:19496: result: yes
configure:19507: checking for exit in -lboost_regex-mt
configure:19532: gcc -o conftest -D_THREAD_SAFE  -g -O2 -fvisibility=hidden  -I/usr/local/opt/berkeley-db4/include -DMAC_OSX -pthread -I/usr/local/include  -L/usr/local/lib conftest.c -lboost_regex-mt    -L/usr/local/opt/berkeley-db4/lib >&5
conftest.c:39:6: warning: incompatible redeclaration of library function 'exit' [-Wincompatible-library-redeclaration]
char exit ();
     ^
conftest.c:39:6: note: 'exit' is a builtin with type 'void (int) __attribute__((noreturn))'
1 warning generated.
configure:19532: $? = 0
configure:19542: result: yes
configure:19709: checking for Berkeley DB (C++) >= 4.8
configure:19759: g++ -o conftest -g -O2 -fvisibility-inlines-hidden -I/usr/local/opt/berkeley-db4/include  -I/usr/local/opt/berkeley-db4/include -DMAC_OSX -L/usr/local/opt/berkeley-db4/lib  conftest.cpp -ldb_cxx -ldb   -L/usr/local/opt/berkeley-db4/lib >&5
configure:19759: $? = 0
configure:19761: result: header db_cxx.h, library -ldb_cxx -ldb
configure:19854: checking for pkg-config
configure:19887: result: no
configure:19932: checking for special C compiler options needed for large files
configure:19977: result: no
configure:19983: checking for _FILE_OFFSET_BITS value needed for large files
configure:20008: g++ -c -g -O2 -fvisibility-inlines-hidden  -I/usr/local/opt/berkeley-db4/include -DMAC_OSX conftest.cpp >&5
configure:20008: $? = 0
configure:20040: result: no
configure:20126: checking whether ln -s works
configure:20130: result: yes
configure:20137: checking whether make sets $(MAKE)
configure:20159: result: yes
configure:20172: checking for gethostbyname
configure:20172: g++ -o conftest -g -O2 -fvisibility-inlines-hidden  -I/usr/local/opt/berkeley-db4/include -DMAC_OSX  conftest.cpp   -L/usr/local/opt/berkeley-db4/lib >&5
configure:20172: $? = 0
configure:20172: result: yes
configure:20396: checking for gethostbyname_r
configure:20396: g++ -o conftest -g -O2 -fvisibility-inlines-hidden  -I/usr/local/opt/berkeley-db4/include -DMAC_OSX  conftest.cpp   -L/usr/local/opt/berkeley-db4/lib >&5
Undefined symbols for architecture x86_64:
  "_gethostbyname_r", referenced from:
      _main in conftest-d78efd.o
ld: symbol(s) not found for architecture x86_64
clang: error: linker command failed with exit code 1 (use -v to see invocation)
configure:20396: $? = 1
configure: failed program was:
| /* confdefs.h */
| #define PACKAGE_NAME "twister"
| #define PACKAGE_TARNAME "twister"
| #define PACKAGE_VERSION "0.9.0"
| #define PACKAGE_STRING "twister 0.9.0"
| #define PACKAGE_BUGREPORT ""
| #define PACKAGE_URL ""
| #define PACKAGE "twister"
| #define VERSION "0.9.0"
| #define STDC_HEADERS 1
| #define HAVE_SYS_TYPES_H 1
| #define HAVE_SYS_STAT_H 1
| #define HAVE_STDLIB_H 1
| #define HAVE_STRING_H 1
| #define HAVE_MEMORY_H 1
| #define HAVE_STRINGS_H 1
| #define HAVE_INTTYPES_H 1
| #define HAVE_STDINT_H 1
| #define HAVE_UNISTD_H 1
| #define HAVE_DLFCN_H 1
| #define LT_OBJDIR ".libs/"
| #define HAVE_PTHREAD 1
| #define HAVE_BOOST /**/
| #define HAVE_BOOST_SYSTEM /**/
| #define HAVE_BOOST_FILESYSTEM /**/
| #define HAVE_BOOST_PROGRAM_OPTIONS /**/
| #define HAVE_BOOST_THREAD /**/
| #define HAVE_BOOST_CHRONO /**/
| #define HAVE_BOOST_LOCALE /**/
| #define HAVE_BOOST_REGEX /**/
| #define DB_CXX_HEADER "db_cxx.h"
| #define HAVE_GETHOSTBYNAME 1
| /* end confdefs.h.  */
| /* Define gethostbyname_r to an innocuous variant, in case <limits.h> declares gethostbyname_r.
|    For example, HP-UX 11i <limits.h> declares gettimeofday.  */
| #define gethostbyname_r innocuous_gethostbyname_r
| 
| /* System header to define __stub macros and hopefully few prototypes,
|     which can conflict with char gethostbyname_r (); below.
|     Prefer <limits.h> to <assert.h> if __STDC__ is defined, since
|     <limits.h> exists even on freestanding compilers.  */
| 
| #ifdef __STDC__
| # include <limits.h>
| #else
| # include <assert.h>
| #endif
| 
| #undef gethostbyname_r
| 
| /* Override any GCC internal prototype to avoid an error.
|    Use char because int might match the return type of a GCC
|    builtin and then its argument prototype would still apply.  */
| #ifdef __cplusplus
| extern "C"
| #endif
| char gethostbyname_r ();
| /* The GNU C library defines this for functions which it implements
|     to always fail with ENOSYS.  Some functions are actually named
|     something starting with __ and the normal name is an alias.  */
| #if defined __stub_gethostbyname_r || defined __stub___gethostbyname_r
| choke me
| #endif
| 
| int
| main ()
| {
| return gethostbyname_r ();
|   ;
|   return 0;
| }
configure:20396: result: no
configure:20424: checking for clock_gettime
configure:20424: g++ -o conftest -g -O2 -fvisibility-inlines-hidden  -I/usr/local/opt/berkeley-db4/include -DMAC_OSX  conftest.cpp   -L/usr/local/opt/berkeley-db4/lib >&5
Undefined symbols for architecture x86_64:
  "_clock_gettime", referenced from:
      _main in conftest-f84213.o
ld: symbol(s) not found for architecture x86_64
clang: error: linker command failed with exit code 1 (use -v to see invocation)
configure:20424: $? = 1
configure: failed program was:
| /* confdefs.h */
| #define PACKAGE_NAME "twister"
| #define PACKAGE_TARNAME "twister"
| #define PACKAGE_VERSION "0.9.0"
| #define PACKAGE_STRING "twister 0.9.0"
| #define PACKAGE_BUGREPORT ""
| #define PACKAGE_URL ""
| #define PACKAGE "twister"
| #define VERSION "0.9.0"
| #define STDC_HEADERS 1
| #define HAVE_SYS_TYPES_H 1
| #define HAVE_SYS_STAT_H 1
| #define HAVE_STDLIB_H 1
| #define HAVE_STRING_H 1
| #define HAVE_MEMORY_H 1
| #define HAVE_STRINGS_H 1
| #define HAVE_INTTYPES_H 1
| #define HAVE_STDINT_H 1
| #define HAVE_UNISTD_H 1
| #define HAVE_DLFCN_H 1
| #define LT_OBJDIR ".libs/"
| #define HAVE_PTHREAD 1
| #define HAVE_BOOST /**/
| #define HAVE_BOOST_SYSTEM /**/
| #define HAVE_BOOST_FILESYSTEM /**/
| #define HAVE_BOOST_PROGRAM_OPTIONS /**/
| #define HAVE_BOOST_THREAD /**/
| #define HAVE_BOOST_CHRONO /**/
| #define HAVE_BOOST_LOCALE /**/
| #define HAVE_BOOST_REGEX /**/
| #define DB_CXX_HEADER "db_cxx.h"
| #define HAVE_GETHOSTBYNAME 1
| /* end confdefs.h.  */
| /* Define clock_gettime to an innocuous variant, in case <limits.h> declares clock_gettime.
|    For example, HP-UX 11i <limits.h> declares gettimeofday.  */
| #define clock_gettime innocuous_clock_gettime
| 
| /* System header to define __stub macros and hopefully few prototypes,
|     which can conflict with char clock_gettime (); below.
|     Prefer <limits.h> to <assert.h> if __STDC__ is defined, since
|     <limits.h> exists even on freestanding compilers.  */
| 
| #ifdef __STDC__
| # include <limits.h>
| #else
| # include <assert.h>
| #endif
| 
| #undef clock_gettime
| 
| /* Override any GCC internal prototype to avoid an error.
|    Use char because int might match the return type of a GCC
|    builtin and then its argument prototype would still apply.  */
| #ifdef __cplusplus
| extern "C"
| #endif
| char clock_gettime ();
| /* The GNU C library defines this for functions which it implements
|     to always fail with ENOSYS.  Some functions are actually named
|     something starting with __ and the normal name is an alias.  */
| #if defined __stub_clock_gettime || defined __stub___clock_gettime
| choke me
| #endif
| 
| int
| main ()
| {
| return clock_gettime ();
|   ;
|   return 0;
| }
configure:20424: result: no
configure:20431: checking for clock_gettime in -lrt
configure:20456: g++ -o conftest -g -O2 -fvisibility-inlines-hidden  -I/usr/local/opt/berkeley-db4/include -DMAC_OSX  conftest.cpp -lrt    -L/usr/local/opt/berkeley-db4/lib >&5
ld: library not found for -lrt
clang: error: linker command failed with exit code 1 (use -v to see invocation)
configure:20456: $? = 1
configure: failed program was:
| /* confdefs.h */
| #define PACKAGE_NAME "twister"
| #define PACKAGE_TARNAME "twister"
| #define PACKAGE_VERSION "0.9.0"
| #define PACKAGE_STRING "twister 0.9.0"
| #define PACKAGE_BUGREPORT ""
| #define PACKAGE_URL ""
| #define PACKAGE "twister"
| #define VERSION "0.9.0"
| #define STDC_HEADERS 1
| #define HAVE_SYS_TYPES_H 1
| #define HAVE_SYS_STAT_H 1
| #define HAVE_STDLIB_H 1
| #define HAVE_STRING_H 1
| #define HAVE_MEMORY_H 1
| #define HAVE_STRINGS_H 1
| #define HAVE_INTTYPES_H 1
| #define HAVE_STDINT_H 1
| #define HAVE_UNISTD_H 1
| #define HAVE_DLFCN_H 1
| #define LT_OBJDIR ".libs/"
| #define HAVE_PTHREAD 1
| #define HAVE_BOOST /**/
| #define HAVE_BOOST_SYSTEM /**/
| #define HAVE_BOOST_FILESYSTEM /**/
| #define HAVE_BOOST_PROGRAM_OPTIONS /**/
| #define HAVE_BOOST_THREAD /**/
| #define HAVE_BOOST_CHRONO /**/
| #define HAVE_BOOST_LOCALE /**/
| #define HAVE_BOOST_REGEX /**/
| #define DB_CXX_HEADER "db_cxx.h"
| #define HAVE_GETHOSTBYNAME 1
| /* end confdefs.h.  */
| 
| /* Override any GCC internal prototype to avoid an error.
|    Use char because int might match the return type of a GCC
|    builtin and then its argument prototype would still apply.  */
| #ifdef __cplusplus
| extern "C"
| #endif
| char clock_gettime ();
| int
| main ()
| {
| return clock_gettime ();
|   ;
|   return 0;
| }
configure:20465: result: no
configure:20475: checking for clock_gettime in -lposix4
configure:20500: g++ -o conftest -g -O2 -fvisibility-inlines-hidden  -I/usr/local/opt/berkeley-db4/include -DMAC_OSX  conftest.cpp -lposix4    -L/usr/local/opt/berkeley-db4/lib >&5
ld: library not found for -lposix4
clang: error: linker command failed with exit code 1 (use -v to see invocation)
configure:20500: $? = 1
configure: failed program was:
| /* confdefs.h */
| #define PACKAGE_NAME "twister"
| #define PACKAGE_TARNAME "twister"
| #define PACKAGE_VERSION "0.9.0"
| #define PACKAGE_STRING "twister 0.9.0"
| #define PACKAGE_BUGREPORT ""
| #define PACKAGE_URL ""
| #define PACKAGE "twister"
| #define VERSION "0.9.0"
| #define STDC_HEADERS 1
| #define HAVE_SYS_TYPES_H 1
| #define HAVE_SYS_STAT_H 1
| #define HAVE_STDLIB_H 1
| #define HAVE_STRING_H 1
| #define HAVE_MEMORY_H 1
| #define HAVE_STRINGS_H 1
| #define HAVE_INTTYPES_H 1
| #define HAVE_STDINT_H 1
| #define HAVE_UNISTD_H 1
| #define HAVE_DLFCN_H 1
| #define LT_OBJDIR ".libs/"
| #define HAVE_PTHREAD 1
| #define HAVE_BOOST /**/
| #define HAVE_BOOST_SYSTEM /**/
| #define HAVE_BOOST_FILESYSTEM /**/
| #define HAVE_BOOST_PROGRAM_OPTIONS /**/
| #define HAVE_BOOST_THREAD /**/
| #define HAVE_BOOST_CHRONO /**/
| #define HAVE_BOOST_LOCALE /**/
| #define HAVE_BOOST_REGEX /**/
| #define DB_CXX_HEADER "db_cxx.h"
| #define HAVE_GETHOSTBYNAME 1
| /* end confdefs.h.  */
| 
| /* Override any GCC internal prototype to avoid an error.
|    Use char because int might match the return type of a GCC
|    builtin and then its argument prototype would still apply.  */
| #ifdef __cplusplus
| extern "C"
| #endif
| char clock_gettime ();
| int
| main ()
| {
| return clock_gettime ();
|   ;
|   return 0;
| }
configure:20509: result: no
configure:20519: WARNING: clock_gettime function not found.
configure:20709: checking whether deprecated functions should be enabled
configure:20714: result: yes
configure:20733: checking whether debug build should be enabled
configure:20738: result: yes
configure:20763: checking whether invariant check should be enabled
configure:20768: result: yes
configure:20803: checking whether logging to disk should be enabled
configure:20808: result: yes
configure:20845: checking whether statistics logging should be enabled
configure:20858: result: no
configure:20868: checking whether disk activity logging should be enabled
configure:20881: result: no
configure:20894: checking whether encryption support should be enabled
configure:20899: result: yes
configure:20901: encryption support: now checking for the OpenSSL library...
configure:20987: checking for openssl/ssl.h in /usr/local/opt/openssl
configure:20994: result: yes
configure:21010: checking whether compiling and linking against OpenSSL works
Trying link with OPENSSL_LDFLAGS=-L/usr/local/opt/openssl/lib; OPENSSL_LIBS=-lssl -lcrypto; OPENSSL_INCLUDES=-I/usr/local/opt/openssl/include
configure:21032: g++ -o conftest -g -O2 -fvisibility-inlines-hidden -I/usr/local/opt/openssl/include  -I/usr/local/opt/berkeley-db4/include -DMAC_OSX  -L/usr/local/opt/openssl/lib conftest.cpp -lssl -lcrypto   -L/usr/local/opt/berkeley-db4/lib >&5
configure:21032: $? = 0
configure:21034: result: yes
configure:21110: checking whether SSE2 should be enabled
configure:21115: result: yes
configure:21135: g++ -c -g -O2 -fvisibility-inlines-hidden -DUSE_SSE2 -msse2  -mstackrealign -Werror  -I/usr/local/opt/berkeley-db4/include -DMAC_OSX conftest.cpp >&5
configure:21135: $? = 0
configure:21159: checking whether geoip support should be enabled
configure:21164: result: yes
configure:21183: checking whether dht support should be enabled
configure:21188: result: yes
configure:21216: checking whether pool allocators should be enabled
configure:21221: result: yes
configure:21242: checking whether example files should be built
configure:21249: result: no
configure:21258: checking whether test files should be built
configure:21265: result: no
configure:21274: checking whether python bindings should be built
configure:22006: result: no
configure:22019: checking for FIEMAP support
configure:22023: checking linux/types.h usability
configure:22023: g++ -c -g -O2 -fvisibility-inlines-hidden -DUSE_SSE2 -msse2  -mstackrealign  -I/usr/local/opt/berkeley-db4/include -DMAC_OSX conftest.cpp >&5
conftest.cpp:71:10: fatal error: 'linux/types.h' file not found
#include <linux/types.h>
         ^
1 error generated.
configure:22023: $? = 1
configure: failed program was:
| /* confdefs.h */
| #define PACKAGE_NAME "twister"
| #define PACKAGE_TARNAME "twister"
| #define PACKAGE_VERSION "0.9.0"
| #define PACKAGE_STRING "twister 0.9.0"
| #define PACKAGE_BUGREPORT ""
| #define PACKAGE_URL ""
| #define PACKAGE "twister"
| #define VERSION "0.9.0"
| #define STDC_HEADERS 1
| #define HAVE_SYS_TYPES_H 1
| #define HAVE_SYS_STAT_H 1
| #define HAVE_STDLIB_H 1
| #define HAVE_STRING_H 1
| #define HAVE_MEMORY_H 1
| #define HAVE_STRINGS_H 1
| #define HAVE_INTTYPES_H 1
| #define HAVE_STDINT_H 1
| #define HAVE_UNISTD_H 1
| #define HAVE_DLFCN_H 1
| #define LT_OBJDIR ".libs/"
| #define HAVE_PTHREAD 1
| #define HAVE_BOOST /**/
| #define HAVE_BOOST_SYSTEM /**/
| #define HAVE_BOOST_FILESYSTEM /**/
| #define HAVE_BOOST_PROGRAM_OPTIONS /**/
| #define HAVE_BOOST_THREAD /**/
| #define HAVE_BOOST_CHRONO /**/
| #define HAVE_BOOST_LOCALE /**/
| #define HAVE_BOOST_REGEX /**/
| #define DB_CXX_HEADER "db_cxx.h"
| #define HAVE_GETHOSTBYNAME 1
| #define TORRENT_DEBUG 1
| #define TORRENT_LOGGING 1
| #define TORRENT_USE_OPENSSL 1
| #define USE_SSE2 1
| /* end confdefs.h.  */
| #include <stdio.h>
| #ifdef HAVE_SYS_TYPES_H
| # include <sys/types.h>
| #endif
| #ifdef HAVE_SYS_STAT_H
| # include <sys/stat.h>
| #endif
| #ifdef STDC_HEADERS
| # include <stdlib.h>
| # include <stddef.h>
| #else
| # ifdef HAVE_STDLIB_H
| #  include <stdlib.h>
| # endif
| #endif
| #ifdef HAVE_STRING_H
| # if !defined STDC_HEADERS && defined HAVE_MEMORY_H
| #  include <memory.h>
| # endif
| # include <string.h>
| #endif
| #ifdef HAVE_STRINGS_H
| # include <strings.h>
| #endif
| #ifdef HAVE_INTTYPES_H
| # include <inttypes.h>
| #endif
| #ifdef HAVE_STDINT_H
| # include <stdint.h>
| #endif
| #ifdef HAVE_UNISTD_H
| # include <unistd.h>
| #endif
| #include <linux/types.h>
configure:22023: result: no
configure:22023: checking linux/types.h presence
configure:22023: g++ -E  -I/usr/local/opt/berkeley-db4/include -DMAC_OSX conftest.cpp
conftest.cpp:38:10: fatal error: 'linux/types.h' file not found
#include <linux/types.h>
         ^
1 error generated.
configure:22023: $? = 1
configure: failed program was:
| /* confdefs.h */
| #define PACKAGE_NAME "twister"
| #define PACKAGE_TARNAME "twister"
| #define PACKAGE_VERSION "0.9.0"
| #define PACKAGE_STRING "twister 0.9.0"
| #define PACKAGE_BUGREPORT ""
| #define PACKAGE_URL ""
| #define PACKAGE "twister"
| #define VERSION "0.9.0"
| #define STDC_HEADERS 1
| #define HAVE_SYS_TYPES_H 1
| #define HAVE_SYS_STAT_H 1
| #define HAVE_STDLIB_H 1
| #define HAVE_STRING_H 1
| #define HAVE_MEMORY_H 1
| #define HAVE_STRINGS_H 1
| #define HAVE_INTTYPES_H 1
| #define HAVE_STDINT_H 1
| #define HAVE_UNISTD_H 1
| #define HAVE_DLFCN_H 1
| #define LT_OBJDIR ".libs/"
| #define HAVE_PTHREAD 1
| #define HAVE_BOOST /**/
| #define HAVE_BOOST_SYSTEM /**/
| #define HAVE_BOOST_FILESYSTEM /**/
| #define HAVE_BOOST_PROGRAM_OPTIONS /**/
| #define HAVE_BOOST_THREAD /**/
| #define HAVE_BOOST_CHRONO /**/
| #define HAVE_BOOST_LOCALE /**/
| #define HAVE_BOOST_REGEX /**/
| #define DB_CXX_HEADER "db_cxx.h"
| #define HAVE_GETHOSTBYNAME 1
| #define TORRENT_DEBUG 1
| #define TORRENT_LOGGING 1
| #define TORRENT_USE_OPENSSL 1
| #define USE_SSE2 1
| /* end confdefs.h.  */
| #include <linux/types.h>
configure:22023: result: no
configure:22023: checking for linux/types.h
configure:22023: result: no
configure:22035: checking for linux/fiemap.h
configure:22035: g++ -c -g -O2 -fvisibility-inlines-hidden -DUSE_SSE2 -msse2  -mstackrealign  -I/usr/local/opt/berkeley-db4/include -DMAC_OSX conftest.cpp >&5
conftest.cpp:43:10: fatal error: 'linux/fiemap.h' file not found
#include <linux/fiemap.h>
         ^
1 error generated.
configure:22035: $? = 1
configure: failed program was:
| /* confdefs.h */
| #define PACKAGE_NAME "twister"
| #define PACKAGE_TARNAME "twister"
| #define PACKAGE_VERSION "0.9.0"
| #define PACKAGE_STRING "twister 0.9.0"
| #define PACKAGE_BUGREPORT ""
| #define PACKAGE_URL ""
| #define PACKAGE "twister"
| #define VERSION "0.9.0"
| #define STDC_HEADERS 1
| #define HAVE_SYS_TYPES_H 1
| #define HAVE_SYS_STAT_H 1
| #define HAVE_STDLIB_H 1
| #define HAVE_STRING_H 1
| #define HAVE_MEMORY_H 1
| #define HAVE_STRINGS_H 1
| #define HAVE_INTTYPES_H 1
| #define HAVE_STDINT_H 1
| #define HAVE_UNISTD_H 1
| #define HAVE_DLFCN_H 1
| #define LT_OBJDIR ".libs/"
| #define HAVE_PTHREAD 1
| #define HAVE_BOOST /**/
| #define HAVE_BOOST_SYSTEM /**/
| #define HAVE_BOOST_FILESYSTEM /**/
| #define HAVE_BOOST_PROGRAM_OPTIONS /**/
| #define HAVE_BOOST_THREAD /**/
| #define HAVE_BOOST_CHRONO /**/
| #define HAVE_BOOST_LOCALE /**/
| #define HAVE_BOOST_REGEX /**/
| #define DB_CXX_HEADER "db_cxx.h"
| #define HAVE_GETHOSTBYNAME 1
| #define TORRENT_DEBUG 1
| #define TORRENT_LOGGING 1
| #define TORRENT_USE_OPENSSL 1
| #define USE_SSE2 1
| /* end confdefs.h.  */
| #ifdef HAVE_LINUX_TYPES_H
| # include <linux/types.h>
| #endif
| 
| 
| #include <linux/fiemap.h>
configure:22035: result: no
configure:22051: checking whether to link against system libgeoip
configure:22310: result: no
configure:22327: checking whether to link against system libiconv
configure:22347: checking for shared library run path origin
configure:22360: result: done
configure:23204: checking that generated files are newer than configure
configure:23210: result: done
configure:23265: creating ./config.status

## ---------------------- ##
## Running config.status. ##
## ---------------------- ##

This file was extended by twister config.status 0.9.0, which was
generated by GNU Autoconf 2.69.  Invocation command line was

  CONFIG_FILES    = 
  CONFIG_HEADERS  = 
  CONFIG_LINKS    = 
  CONFIG_COMMANDS = 
  $ ./config.status 

on Siddharths-MacBook-Pro.local

config.status:1134: creating Makefile
config.status:1306: executing depfiles commands
config.status:1306: executing libtool commands

## ---------------- ##
## Cache variables. ##
## ---------------- ##

ac_cv_build=x86_64-apple-darwin14.0.0
ac_cv_c_compiler_gnu=yes
ac_cv_cxx_compiler_gnu=yes
ac_cv_env_CCC_set=
ac_cv_env_CCC_value=
ac_cv_env_CC_set=
ac_cv_env_CC_value=
ac_cv_env_CFLAGS_set=
ac_cv_env_CFLAGS_value=
ac_cv_env_CPPFLAGS_set=
ac_cv_env_CPPFLAGS_value=
ac_cv_env_CPP_set=
ac_cv_env_CPP_value=
ac_cv_env_CXXCPP_set=
ac_cv_env_CXXCPP_value=
ac_cv_env_CXXFLAGS_set=
ac_cv_env_CXXFLAGS_value=
ac_cv_env_CXX_set=
ac_cv_env_CXX_value=
ac_cv_env_GEOIP_CFLAGS_set=
ac_cv_env_GEOIP_CFLAGS_value=
ac_cv_env_GEOIP_LIBS_set=
ac_cv_env_GEOIP_LIBS_value=
ac_cv_env_LDFLAGS_set=
ac_cv_env_LDFLAGS_value=
ac_cv_env_LIBS_set=
ac_cv_env_LIBS_value=
ac_cv_env_PKG_CONFIG_set=
ac_cv_env_PKG_CONFIG_value=
ac_cv_env_PYTHON_INSTALL_PARAMS_set=
ac_cv_env_PYTHON_INSTALL_PARAMS_value=
ac_cv_env_PYTHON_VERSION_set=
ac_cv_env_PYTHON_VERSION_value=
ac_cv_env_PYTHON_set=
ac_cv_env_PYTHON_value=
ac_cv_env_build_alias_set=
ac_cv_env_build_alias_value=
ac_cv_env_host_alias_set=
ac_cv_env_host_alias_value=
ac_cv_env_target_alias_set=
ac_cv_env_target_alias_value=
ac_cv_func_clock_gettime=no
ac_cv_func_gethostbyname=yes
ac_cv_func_gethostbyname_r=no
ac_cv_header_dlfcn_h=yes
ac_cv_header_inttypes_h=yes
ac_cv_header_linux_fiemap_h=no
ac_cv_header_linux_types_h=no
ac_cv_header_memory_h=yes
ac_cv_header_stdc=yes
ac_cv_header_stdint_h=yes
ac_cv_header_stdlib_h=yes
ac_cv_header_string_h=yes
ac_cv_header_strings_h=yes
ac_cv_header_sys_stat_h=yes
ac_cv_header_sys_types_h=yes
ac_cv_header_unistd_h=yes
ac_cv_hidden_visibility_attribute=yes
ac_cv_host=x86_64-apple-darwin14.0.0
ac_cv_lib_boost_chrono_mt___exit=yes
ac_cv_lib_boost_filesystem___exit=yes
ac_cv_lib_boost_locale_mt___exit=yes
ac_cv_lib_boost_program_options_mt___exit=yes
ac_cv_lib_boost_regex_mt___exit=yes
ac_cv_lib_boost_system___exit=yes
ac_cv_lib_boost_thread_mt___exit=yes
ac_cv_lib_posix4_clock_gettime=no
ac_cv_lib_rt_clock_gettime=no
ac_cv_objext=o
ac_cv_path_EGREP='/usr/bin/grep -E'
ac_cv_path_FGREP='/usr/bin/grep -F'
ac_cv_path_GREP=/usr/bin/grep
ac_cv_path_SED=/usr/bin/sed
ac_cv_path_install='/usr/bin/install -c'
ac_cv_path_lt_DD=/bin/dd
ac_cv_prog_AWK=awk
ac_cv_prog_BREW=brew
ac_cv_prog_CPP='gcc -E'
ac_cv_prog_CXXCPP='g++ -E'
ac_cv_prog_ac_ct_AR=ar
ac_cv_prog_ac_ct_CC=gcc
ac_cv_prog_ac_ct_CXX=g++
ac_cv_prog_ac_ct_DSYMUTIL=dsymutil
ac_cv_prog_ac_ct_LIPO=lipo
ac_cv_prog_ac_ct_NMEDIT=nmedit
ac_cv_prog_ac_ct_OTOOL=otool
ac_cv_prog_ac_ct_RANLIB=ranlib
ac_cv_prog_ac_ct_STRIP=strip
ac_cv_prog_cc_c89=
ac_cv_prog_cc_g=yes
ac_cv_prog_cc_gcc_c_o=yes
ac_cv_prog_cxx_c_o=yes
ac_cv_prog_cxx_g=yes
ac_cv_prog_make_make_set=yes
ac_cv_sys_file_offset_bits=no
ac_cv_sys_largefile_CC=no
ac_cv_target=x86_64-apple-darwin14.0.0
acl_cv_hardcode_direct=no
acl_cv_hardcode_libdir_flag_spec=
acl_cv_hardcode_libdir_separator=
acl_cv_hardcode_minus_L=no
acl_cv_libext=a
acl_cv_rpath=done
acl_cv_shlibext=dylib
acl_cv_wl=-Wl,
am_cv_CC_dependencies_compiler_type=gcc3
am_cv_CXX_dependencies_compiler_type=gcc3
am_cv_make_support_nested_variables=yes
am_cv_prog_cc_c_o=yes
ax_cv_boost_chrono=yes
ax_cv_boost_filesystem=yes
ax_cv_boost_locale=yes
ax_cv_boost_program_options=yes
ax_cv_boost_regex=yes
ax_cv_boost_system=yes
ax_cv_boost_thread=yes
lt_cv_apple_cc_single_mod=yes
lt_cv_ar_at_file=no
lt_cv_deplibs_check_method=pass_all
lt_cv_file_magic_cmd='$MAGIC_CMD'
lt_cv_file_magic_test_file=
lt_cv_ld_exported_symbols_list=yes
lt_cv_ld_force_load=yes
lt_cv_ld_reload_flag=-r
lt_cv_nm_interface='BSD nm'
lt_cv_objdir=.libs
lt_cv_path_LD=/Applications/Xcode.app/Contents/Developer/Toolchains/XcodeDefault.xctoolchain/usr/bin/ld
lt_cv_path_LDCXX=/Applications/Xcode.app/Contents/Developer/Toolchains/XcodeDefault.xctoolchain/usr/bin/ld
lt_cv_path_NM=/usr/bin/nm
lt_cv_path_mainfest_tool=no
lt_cv_prog_compiler_c_o=yes
lt_cv_prog_compiler_c_o_CXX=yes
lt_cv_prog_compiler_pic='-fno-common -DPIC'
lt_cv_prog_compiler_pic_CXX='-fno-common -DPIC'
lt_cv_prog_compiler_pic_works=yes
lt_cv_prog_compiler_pic_works_CXX=yes
lt_cv_prog_compiler_rtti_exceptions=yes
lt_cv_prog_compiler_static_works=no
lt_cv_prog_compiler_static_works_CXX=no
lt_cv_prog_gnu_ld=no
lt_cv_prog_gnu_ldcxx=no
lt_cv_sharedlib_from_linklib_cmd='printf %s\n'
lt_cv_sys_global_symbol_pipe='sed -n -e '\''s/^.*[	 ]\([BCDEGRST][BCDEGRST]*\)[	 ][	 ]*_\([_A-Za-z][_A-Za-z0-9]*\)$/\1 _\2 \2/p'\'' | sed '\''/ __gnu_lto/d'\'''
lt_cv_sys_global_symbol_to_c_name_address='sed -n -e '\''s/^: \(.*\) .*$/  {"\1", (void *) 0},/p'\'' -e '\''s/^[BCDEGRST][BCDEGRST]* .* \(.*\)$/  {"\1", (void *) \&\1},/p'\'''
lt_cv_sys_global_symbol_to_c_name_address_lib_prefix='sed -n -e '\''s/^: \(.*\) .*$/  {"\1", (void *) 0},/p'\'' -e '\''s/^[BCDEGRST][BCDEGRST]* .* \(lib.*\)$/  {"\1", (void *) \&\1},/p'\'' -e '\''s/^[BCDEGRST][BCDEGRST]* .* \(.*\)$/  {"lib\1", (void *) \&\1},/p'\'''
lt_cv_sys_global_symbol_to_cdecl='sed -n -e '\''s/^T .* \(.*\)$/extern int \1();/p'\'' -e '\''s/^[BCDEGRST][BCDEGRST]* .* \(.*\)$/extern char \1;/p'\'''
lt_cv_sys_global_symbol_to_import=
lt_cv_sys_max_cmd_len=196608
lt_cv_to_host_file_cmd=func_convert_file_noop
lt_cv_to_tool_file_cmd=func_convert_file_noop
lt_cv_truncate_bin='/bin/dd bs=4096 count=1'

## ----------------- ##
## Output variables. ##
## ----------------- ##

ACLOCAL='${SHELL} /Developer/twister-core/build-aux/missing aclocal-1.14'
AMDEPBACKSLASH='\'
AMDEP_FALSE='#'
AMDEP_TRUE=''
AMTAR='$${TAR-tar}'
AM_BACKSLASH='\'
AM_DEFAULT_V='$(AM_DEFAULT_VERBOSITY)'
AM_DEFAULT_VERBOSITY='0'
AM_V='$(V)'
AR='ar'
AUTOCONF='${SHELL} /Developer/twister-core/build-aux/missing autoconf'
AUTOHEADER='${SHELL} /Developer/twister-core/build-aux/missing autoheader'
AUTOMAKE='${SHELL} /Developer/twister-core/build-aux/missing automake-1.14'
AWK='awk'
BOOST_CHRONO_LIB='-lboost_chrono-mt'
BOOST_CPPFLAGS='-pthread -I/usr/local/include'
BOOST_FILESYSTEM_LIB='-lboost_filesystem'
BOOST_LDFLAGS='-L/usr/local/lib'
BOOST_LOCALE_LIB='-lboost_locale-mt'
BOOST_PROGRAM_OPTIONS_LIB='-lboost_program_options-mt'
BOOST_PYTHON_LIB=''
BOOST_REGEX_LIB='-lboost_regex-mt'
BOOST_SYSTEM_LIB='-lboost_system'
BOOST_THREAD_LIB='-lboost_thread-mt'
BREW='brew'
CC='gcc'
CCDEPMODE='depmode=gcc3'
CFLAGS='-D_THREAD_SAFE  -g -O2 -fvisibility=hidden'
COMPILETIME_OPTIONS=' -DTORRENT_DEBUG  -DTORRENT_LOGGING  -DTORRENT_USE_OPENSSL  -DWITH_SHIPPED_GEOIP_H  -DBOOST_ASIO_HASH_MAP_BUCKETS=1021  -DBOOST_EXCEPTION_DISABLE  -DBOOST_ASIO_ENABLE_CANCELIO  -DBOOST_ASIO_DYN_LINK -DTORRENT_LINKING_SHARED '
CPP='gcc -E'
CPPFLAGS=' -I/usr/local/opt/berkeley-db4/include -DMAC_OSX'
CXX='g++'
CXXCPP='g++ -E'
CXXDEPMODE='depmode=gcc3'
CXXFLAGS='-g -O2 -fvisibility-inlines-hidden -DUSE_SSE2 -msse2  -mstackrealign'
CYGPATH_W='echo'
DB_CXX_CPPFLAGS='-I/usr/local/opt/berkeley-db4/include'
DB_CXX_LDFLAGS='-L/usr/local/opt/berkeley-db4/lib'
DB_CXX_LIBS='-ldb_cxx -ldb'
DEBUGFLAGS='-g'
DEFS='-DPACKAGE_NAME=\"twister\" -DPACKAGE_TARNAME=\"twister\" -DPACKAGE_VERSION=\"0.9.0\" -DPACKAGE_STRING=\"twister\ 0.9.0\" -DPACKAGE_BUGREPORT=\"\" -DPACKAGE_URL=\"\" -DPACKAGE=\"twister\" -DVERSION=\"0.9.0\" -DSTDC_HEADERS=1 -DHAVE_SYS_TYPES_H=1 -DHAVE_SYS_STAT_H=1 -DHAVE_STDLIB_H=1 -DHAVE_STRING_H=1 -DHAVE_MEMORY_H=1 -DHAVE_STRINGS_H=1 -DHAVE_INTTYPES_H=1 -DHAVE_STDINT_H=1 -DHAVE_UNISTD_H=1 -DHAVE_DLFCN_H=1 -DLT_OBJDIR=\".libs/\" -DHAVE_PTHREAD=1 -DHAVE_BOOST=/\*\*/ -DHAVE_BOOST_SYSTEM=/\*\*/ -DHAVE_BOOST_FILESYSTEM=/\*\*/ -DHAVE_BOOST_PROGRAM_OPTIONS=/\*\*/ -DHAVE_BOOST_THREAD=/\*\*/ -DHAVE_BOOST_CHRONO=/\*\*/ -DHAVE_BOOST_LOCALE=/\*\*/ -DHAVE_BOOST_REGEX=/\*\*/ -DDB_CXX_HEADER=\"db_cxx.h\" -DHAVE_GETHOSTBYNAME=1 -DTORRENT_DEBUG=1 -DTORRENT_LOGGING=1 -DTORRENT_USE_OPENSSL=1 -DUSE_SSE2=1 -DWITH_SHIPPED_GEOIP_H=1 -DBOOST_ASIO_HASH_MAP_BUCKETS=1021 -DBOOST_EXCEPTION_DISABLE=1 -DBOOST_ASIO_ENABLE_CANCELIO=1 -DBOOST_ASIO_DYN_LINK=1 -DTORRENT_BUILDING_SHARED=1'
DEPDIR='.deps'
DLLTOOL='false'
DSYMUTIL='dsymutil'
DUMPBIN=''
ECHO_C='\c'
ECHO_N=''
ECHO_T=''
EGREP='/usr/bin/grep -E'
ENABLE_DHT_FALSE='#'
ENABLE_DHT_TRUE=''
ENABLE_EXAMPLES_FALSE=''
ENABLE_EXAMPLES_TRUE='#'
ENABLE_PYTHON_BINDING_FALSE=''
ENABLE_PYTHON_BINDING_TRUE='#'
ENABLE_TESTS_FALSE=''
ENABLE_TESTS_TRUE='#'
EXEEXT=''
FGREP='/usr/bin/grep -F'
GENISOIMAGE=''
GEOIP_CFLAGS=''
GEOIP_LIBS=''
GREP='/usr/bin/grep'
ICONV_LIBS=''
INSTALLNAMETOOL=''
INSTALL_DATA='${INSTALL} -m 644'
INSTALL_PROGRAM='${INSTALL}'
INSTALL_SCRIPT='${INSTALL}'
INSTALL_STRIP_PROGRAM='$(install_sh) -c -s'
LD='/Applications/Xcode.app/Contents/Developer/Toolchains/XcodeDefault.xctoolchain/usr/bin/ld'
LDFLAGS=''
LEVELDB_TARGET_FLAGS='TARGET_OS=Darwin'
LIBICONV='-liconv'
LIBOBJS=''
LIBS='  -L/usr/local/opt/berkeley-db4/lib'
LIBTOOL='$(SHELL) $(top_builddir)/libtool'
LIPO='lipo'
LN_S='ln -s'
LTLIBICONV='-liconv'
LTLIBOBJS=''
MAKEINFO='${SHELL} /Developer/twister-core/build-aux/missing makeinfo'
MANIFEST_TOOL=':'
MKDIR_P='build-aux/install-sh -c -d'
NM='/usr/bin/nm'
NMEDIT='nmedit'
OBJDUMP='false'
OBJEXT='o'
OPENSSL_INCLUDES='-I/usr/local/opt/openssl/include'
OPENSSL_LDFLAGS='-L/usr/local/opt/openssl/lib'
OPENSSL_LIBS='-lssl -lcrypto'
OTOOL64=':'
OTOOL='otool'
PACKAGE='twister'
PACKAGE_BUGREPORT=''
PACKAGE_NAME='twister'
PACKAGE_STRING='twister 0.9.0'
PACKAGE_TARNAME='twister'
PACKAGE_URL=''
PACKAGE_VERSION='0.9.0'
PATH_SEPARATOR=':'
PKG_CONFIG=''
PORT=''
PTHREAD_CC='gcc'
PTHREAD_CFLAGS='-D_THREAD_SAFE '
PTHREAD_LIBS=''
PYTHON=''
PYTHON_CPPFLAGS=''
PYTHON_EXEC_PREFIX=''
PYTHON_EXTRA_LDFLAGS=''
PYTHON_EXTRA_LIBS=''
PYTHON_INSTALL_PARAMS='--prefix=$(DESTDIR)$(prefix)'
PYTHON_LDFLAGS=''
PYTHON_PLATFORM=''
PYTHON_PREFIX=''
PYTHON_SITE_PKG=''
PYTHON_VERSION=''
RANLIB='ranlib'
SED='/usr/bin/sed'
SET_MAKE=''
SHELL='/bin/sh'
STRIP='strip'
USE_SSE2_FALSE='#'
USE_SSE2_TRUE=''
VERSION='0.9.0'
WINDOWS_BITS=''
WITH_OPENSSL_FALSE='#'
WITH_OPENSSL_TRUE=''
WITH_SHIPPED_GEOIP_FALSE='#'
WITH_SHIPPED_GEOIP_TRUE=''
ac_ct_AR='ar'
ac_ct_CC='gcc'
ac_ct_CXX='g++'
ac_ct_DUMPBIN=''
am__EXEEXT_FALSE=''
am__EXEEXT_TRUE='#'
am__fastdepCC_FALSE='#'
am__fastdepCC_TRUE=''
am__fastdepCXX_FALSE='#'
am__fastdepCXX_TRUE=''
am__include='include'
am__isrc=''
am__leading_dot='.'
am__nodep='_no'
am__quote=''
am__tar='$${TAR-tar} chof - "$$tardir"'
am__untar='$${TAR-tar} xf -'
ax_pthread_config=''
bindir='${exec_prefix}/bin'
build='x86_64-apple-darwin14.0.0'
build_alias=''
build_cpu='x86_64'
build_os='darwin14.0.0'
build_vendor='apple'
datadir='${datarootdir}'
datarootdir='${prefix}/share'
docdir='${datarootdir}/doc/${PACKAGE_TARNAME}'
dvidir='${docdir}'
exec_prefix='${prefix}'
host='x86_64-apple-darwin14.0.0'
host_alias=''
host_cpu='x86_64'
host_os='darwin14.0.0'
host_vendor='apple'
htmldir='${docdir}'
includedir='${prefix}/include'
infodir='${datarootdir}/info'
install_sh='${SHELL} /Developer/twister-core/build-aux/install-sh'
libdir='${exec_prefix}/lib'
libexecdir='${exec_prefix}/libexec'
localedir='${datarootdir}/locale'
localstatedir='${prefix}/var'
mandir='${datarootdir}/man'
mkdir_p='$(MKDIR_P)'
oldincludedir='/usr/include'
pdfdir='${docdir}'
pkgpyexecdir=''
pkgpythondir=''
prefix='/usr/local'
program_transform_name='s,x,x,'
psdir='${docdir}'
pyexecdir=''
pythondir=''
sbindir='${exec_prefix}/sbin'
sharedstatedir='${prefix}/com'
sysconfdir='${prefix}/etc'
target='x86_64-apple-darwin14.0.0'
target_alias=''
target_cpu='x86_64'
target_os='darwin14.0.0'
target_vendor='apple'

## ----------- ##
## confdefs.h. ##
## ----------- ##

/* confdefs.h */
#define PACKAGE_NAME "twister"
#define PACKAGE_TARNAME "twister"
#define PACKAGE_VERSION "0.9.0"
#define PACKAGE_STRING "twister 0.9.0"
#define PACKAGE_BUGREPORT ""
#define PACKAGE_URL ""
#define PACKAGE "twister"
#define VERSION "0.9.0"
#define STDC_HEADERS 1
#define HAVE_SYS_TYPES_H 1
#define HAVE_SYS_STAT_H 1
#define HAVE_STDLIB_H 1
#define HAVE_STRING_H 1
#define HAVE_MEMORY_H 1
#define HAVE_STRINGS_H 1
#define HAVE_INTTYPES_H 1
#define HAVE_STDINT_H 1
#define HAVE_UNISTD_H 1
#define HAVE_DLFCN_H 1
#define LT_OBJDIR ".libs/"
#define HAVE_PTHREAD 1
#define HAVE_BOOST /**/
#define HAVE_BOOST_SYSTEM /**/
#define HAVE_BOOST_FILESYSTEM /**/
#define HAVE_BOOST_PROGRAM_OPTIONS /**/
#define HAVE_BOOST_THREAD /**/
#define HAVE_BOOST_CHRONO /**/
#define HAVE_BOOST_LOCALE /**/
#define HAVE_BOOST_REGEX /**/
#define DB_CXX_HEADER "db_cxx.h"
#define HAVE_GETHOSTBYNAME 1
#define TORRENT_DEBUG 1
#define TORRENT_LOGGING 1
#define TORRENT_USE_OPENSSL 1
#define USE_SSE2 1
#define WITH_SHIPPED_GEOIP_H 1
#define BOOST_ASIO_HASH_MAP_BUCKETS 1021
#define BOOST_EXCEPTION_DISABLE 1
#define BOOST_ASIO_ENABLE_CANCELIO 1
#define BOOST_ASIO_DYN_LINK 1
#define TORRENT_BUILDING_SHARED 1

configure: exit 0
